<?xml version="1.0" encoding="UTF-8"?>
<!-- Generated by org.testng.reporters.JUnitReportReporter -->
<testsuite hostname="DESKTOP-PH7A2OE" name="booking_runner.Booking" tests="2" failures="0" timestamp="10 Jul 2020 04:45:29 GMT" time="94.155" errors="0">
  <testcase name="feature" time="38.348" classname="booking_runner.Booking"/>
  <testcase name="feature" time="55.807" classname="booking_runner.Booking"/>
</testsuite> <!-- booking_runner.Booking -->
